0 info it worked if it ends with ok
1 verbose cli [ 'node', '/usr/local/bin/npm', 'start' ]
2 info using npm@2.1.17
3 info using node@v0.10.35
4 verbose node symlink /usr/local/bin/node
5 verbose run-script [ 'prestart', 'start', 'poststart' ]
6 info prestart newblk-with-react-engine@
7 info start newblk-with-react-engine@
8 verbose unsafe-perm in lifecycle true
9 info newblk-with-react-engine@ Failed to exec start script
10 verbose stack Error: newblk-with-react-engine@ start: `npm run browserify && node index.js`
10 verbose stack Exit status 1
10 verbose stack     at EventEmitter.<anonymous> (/usr/local/lib/node_modules/npm/lib/utils/lifecycle.js:212:16)
10 verbose stack     at EventEmitter.emit (events.js:98:17)
10 verbose stack     at ChildProcess.<anonymous> (/usr/local/lib/node_modules/npm/lib/utils/spawn.js:14:12)
10 verbose stack     at ChildProcess.emit (events.js:98:17)
10 verbose stack     at maybeClose (child_process.js:766:16)
10 verbose stack     at Process.ChildProcess._handle.onexit (child_process.js:833:5)
11 verbose pkgid newblk-with-react-engine@
12 verbose cwd /Users/alexrock/Development/node/newblk-react-engine
13 error Darwin 14.4.0
14 error argv "node" "/usr/local/bin/npm" "start"
15 error node v0.10.35
16 error npm  v2.1.17
17 error code ELIFECYCLE
18 error newblk-with-react-engine@ start: `npm run browserify && node index.js`
18 error Exit status 1
19 error Failed at the newblk-with-react-engine@ start script 'npm run browserify && node index.js'.
19 error This is most likely a problem with the newblk-with-react-engine package,
19 error not with npm itself.
19 error Tell the author that this fails on your system:
19 error     npm run browserify && node index.js
19 error You can get their info via:
19 error     npm owner ls newblk-with-react-engine
19 error There is likely additional logging output above.
20 verbose exit [ 1, true ]
